2019.08.07 at 15:12:13 CST INFO  com.jpro.FullInspection 8 main - Program FullInspection start ...
2019.08.07 at 15:12:34 CST INFO  com.jpro.FullInspection 8 main - Program FullInspection start ...
2019.08.07 at 15:19:22 CST INFO  com.jpro.FullInspection 10 main - Program FullInspection start ...
2019.08.07 at 15:20:04 CST INFO  com.jpro.FullInspection 11 main - Program FullInspection start ...
2019.08.07 at 15:20:13 CST INFO  com.jpro.FullInspection 11 main - Program FullInspection start ...
2019.08.07 at 15:20:23 CST INFO  com.jpro.FullInspection 11 main - Program FullInspection start ...
2019.08.07 at 15:20:35 CST INFO  com.jpro.FullInspection 11 main - Program FullInspection start ...
2019.08.07 at 15:20:43 CST INFO  com.jpro.FullInspection 11 main - Program FullInspection start ...
2019.08.07 at 15:20:56 CST INFO  com.jpro.FullInspection 11 main - Program FullInspection start ...
2019.08.07 at 15:41:05 CST INFO  com.jpro.FullInspection 14 main - Program FullInspection start ...
2019.08.07 at 15:41:05 CST INFO  com.jpro.Dispatcher 27 run - ( travel ) enter Dispatcher loop
2019.08.07 at 15:41:09 CST INFO  com.jpro.FullInspection 24 lambda$main$0 - recv INT sig
2019.08.07 at 15:41:49 CST INFO  com.jpro.FullInspection 14 main - Program FullInspection start ...
2019.08.07 at 15:41:49 CST INFO  com.jpro.Dispatcher 27 run - ( travel ) enter Dispatcher loop
2019.08.07 at 15:41:51 CST INFO  com.jpro.FullInspection 26 lambda$main$0 - recv INT sig
2019.08.07 at 15:41:51 CST INFO  com.jpro.Dispatcher 72 run - ( travel ) exited process loop
2019.08.07 at 15:41:54 CST INFO  com.jpro.FullInspection 14 main - Program FullInspection start ...
2019.08.07 at 15:41:55 CST INFO  com.jpro.Dispatcher 27 run - ( travel ) enter Dispatcher loop
2019.08.07 at 15:41:57 CST INFO  com.jpro.FullInspection 26 lambda$main$0 - recv INT sig
2019.08.07 at 15:41:57 CST INFO  com.jpro.Dispatcher 72 run - ( travel ) exited process loop
2019.08.07 at 15:46:07 CST INFO  com.jpro.FullInspection 14 main - Program FullInspection start ...
2019.08.07 at 15:46:07 CST INFO  com.jpro.Dispatcher 27 run - ( travel ) enter Dispatcher loop
2019.08.07 at 15:46:10 CST INFO  com.jpro.FullInspection 26 lambda$main$0 - recv INT sig
2019.08.07 at 15:46:10 CST INFO  com.jpro.Dispatcher 70 run - ( travel ) exited process loop
2019.08.07 at 15:46:58 CST INFO  com.jpro.FullInspection 14 main - Program FullInspection start ...
2019.08.07 at 15:46:59 CST INFO  com.jpro.Dispatcher 27 run - ( travel ) enter Dispatcher loop
2019.08.07 at 15:47:00 CST INFO  com.jpro.FullInspection 26 lambda$main$0 - recv INT sig
2019.08.07 at 15:47:00 CST INFO  com.jpro.Dispatcher 70 run - ( travel ) exited process loop
2019.08.07 at 15:49:30 CST INFO  com.jpro.FullInspection 14 main - Program FullInspection start ...
2019.08.07 at 15:49:30 CST INFO  com.jpro.Dispatcher 27 run - ( travel ) enter Dispatcher loop
2019.08.07 at 15:49:32 CST INFO  com.jpro.FullInspection 26 lambda$main$0 - recv INT sig
2019.08.07 at 15:49:32 CST INFO  com.jpro.TravelActor 15 validate - validate success, passing ...
2019.08.07 at 15:49:32 CST INFO  com.jpro.TravelActor 21 filter - filter ok!
2019.08.07 at 15:49:32 CST INFO  com.jpro.TravelActor 27 process - processing ....
2019.08.07 at 15:49:33 CST INFO  com.jpro.Dispatcher 70 run - ( travel ) exited process loop
2019.08.07 at 15:51:18 CST INFO  com.jpro.FullInspection 14 main - Program FullInspection start ...
2019.08.07 at 15:51:19 CST INFO  com.jpro.Dispatcher 27 run - ( travel ) enter Dispatcher loop
2019.08.07 at 15:51:21 CST INFO  com.jpro.FullInspection 26 lambda$main$0 - recv INT sig
2019.08.07 at 15:51:21 CST ERROR com.jpro.Dispatcher 41 run - ( travel ) JSON parse error - com.alibaba.fastjson.JSONException: not close json text, token : error
2019.08.07 at 15:51:21 CST INFO  com.jpro.TravelActor 15 validate - validate success, passing ...
2019.08.07 at 15:51:21 CST INFO  com.jpro.TravelActor 21 filter - filter ok!
2019.08.07 at 15:51:21 CST INFO  com.jpro.TravelActor 27 process - processing ....
2019.08.07 at 15:51:22 CST INFO  com.jpro.Dispatcher 70 run - ( travel ) exited process loop
2019.08.07 at 15:52:25 CST INFO  com.jpro.FullInspection 14 main - Program FullInspection start ...
2019.08.07 at 15:52:25 CST INFO  com.jpro.Dispatcher 27 run - ( travel ) enter Dispatcher loop
2019.08.07 at 15:52:27 CST INFO  com.jpro.FullInspection 26 lambda$main$0 - recv INT sig
2019.08.07 at 15:52:27 CST ERROR com.jpro.Dispatcher 41 run - ( travel ) JSON parse error - com.alibaba.fastjson.JSONException: not close json text, token : error
2019.08.07 at 15:52:27 CST INFO  com.jpro.TravelActor 15 validate - validate success, passing ...
2019.08.07 at 15:52:27 CST INFO  com.jpro.TravelActor 21 filter - filter ok!
2019.08.07 at 15:52:27 CST INFO  com.jpro.TravelActor 27 process - processing ....
2019.08.07 at 15:52:28 CST INFO  com.jpro.Dispatcher 70 run - ( travel ) working status: false, size: 0
2019.08.07 at 15:52:28 CST INFO  com.jpro.Dispatcher 71 run - ( travel ) exited process loop
2019.08.07 at 15:52:39 CST INFO  com.jpro.FullInspection 14 main - Program FullInspection start ...
2019.08.07 at 15:52:39 CST INFO  com.jpro.Dispatcher 27 run - ( travel ) enter Dispatcher loop
2019.08.07 at 15:52:43 CST INFO  com.jpro.FullInspection 26 lambda$main$0 - recv INT sig
2019.08.07 at 15:52:43 CST ERROR com.jpro.Dispatcher 41 run - ( travel ) JSON parse error - com.alibaba.fastjson.JSONException: not close json text, token : error
2019.08.07 at 15:52:43 CST INFO  com.jpro.TravelActor 15 validate - validate success, passing ...
2019.08.07 at 15:52:43 CST INFO  com.jpro.TravelActor 21 filter - filter ok!
2019.08.07 at 15:52:43 CST INFO  com.jpro.TravelActor 27 process - processing ....
2019.08.07 at 15:52:44 CST ERROR com.jpro.Dispatcher 41 run - ( travel ) JSON parse error - com.alibaba.fastjson.JSONException: syntax error, pos 1, line 1, column 2avsdfvasdf
2019.08.07 at 15:52:44 CST INFO  com.jpro.Dispatcher 70 run - ( travel ) working status: false, size: 0
2019.08.07 at 15:52:44 CST INFO  com.jpro.Dispatcher 71 run - ( travel ) exited process loop
2019.08.07 at 16:11:02 CST INFO  com.jpro.Unique 37 initializeAllResource - [36;1minitialize resource[0m
2019.08.07 at 16:11:24 CST INFO  com.jpro.Unique 38 initializeAllResource - [36;1minitialize resource[0m
2019.08.07 at 16:11:24 CST INFO  com.jpro.FullInspection 15 main - Program FullInspection start ...
2019.08.07 at 16:11:24 CST INFO  com.jpro.Dispatcher 27 run - ( travel ) enter Dispatcher loop
2019.08.07 at 16:11:28 CST INFO  com.jpro.FullInspection 27 lambda$main$0 - recv INT sig
2019.08.07 at 16:11:28 CST ERROR com.jpro.Dispatcher 41 run - ( travel ) JSON parse error - com.alibaba.fastjson.JSONException: not close json text, token : error
2019.08.07 at 16:11:28 CST INFO  com.jpro.TravelActor 25 validate - validate success, passing ...
2019.08.07 at 16:11:28 CST INFO  com.jpro.TravelActor 31 filter - filter ok!
2019.08.07 at 16:11:28 CST INFO  com.jpro.TravelActor 37 process - processing ....
2019.08.07 at 16:11:29 CST ERROR com.jpro.Dispatcher 41 run - ( travel ) JSON parse error - com.alibaba.fastjson.JSONException: syntax error, pos 1, line 1, column 2avsdfvasdf
2019.08.07 at 16:11:29 CST INFO  com.jpro.Dispatcher 70 run - ( travel ) exited process loop
2019.08.07 at 16:11:29 CST INFO  com.jpro.Unique 43 recycleAllResource - [36;1mrecycle resource[0m
2019.08.07 at 16:12:12 CST INFO  com.jpro.Unique 38 initializeAllResource - [36;1minitialize resource[0m
2019.08.07 at 16:12:12 CST INFO  com.jpro.FullInspection 21 main - Program FullInspection start ...
2019.08.07 at 16:12:12 CST INFO  com.jpro.Dispatcher 27 run - ( travel ) enter Dispatcher loop
2019.08.07 at 16:12:15 CST INFO  com.jpro.FullInspection 33 lambda$main$0 - recv INT sig
2019.08.07 at 16:12:15 CST ERROR com.jpro.Dispatcher 41 run - ( travel ) JSON parse error - com.alibaba.fastjson.JSONException: not close json text, token : error
2019.08.07 at 16:12:15 CST INFO  com.jpro.TravelActor 25 validate - validate success, passing ...
2019.08.07 at 16:12:15 CST INFO  com.jpro.TravelActor 31 filter - filter ok!
2019.08.07 at 16:12:15 CST INFO  com.jpro.TravelActor 37 process - processing ....
2019.08.07 at 16:12:16 CST ERROR com.jpro.Dispatcher 41 run - ( travel ) JSON parse error - com.alibaba.fastjson.JSONException: syntax error, pos 1, line 1, column 2avsdfvasdf
2019.08.07 at 16:12:16 CST INFO  com.jpro.Dispatcher 70 run - ( travel ) exited process loop
2019.08.07 at 16:12:16 CST INFO  com.jpro.Unique 43 recycleAllResource - [36;1mrecycle resource[0m
2019.08.07 at 16:12:37 CST INFO  com.jpro.FullInspection 20 main - program FullInspection start ...
2019.08.07 at 16:12:37 CST INFO  com.jpro.Unique 38 initializeAllResource - [36;1minitialize resource[0m
2019.08.07 at 16:12:37 CST INFO  com.jpro.Dispatcher 27 run - ( travel ) enter Dispatcher loop
2019.08.07 at 16:12:41 CST INFO  com.jpro.FullInspection 26 lambda$main$0 - recv INT sig
2019.08.07 at 16:12:41 CST ERROR com.jpro.Dispatcher 41 run - ( travel ) JSON parse error - com.alibaba.fastjson.JSONException: not close json text, token : error
2019.08.07 at 16:12:41 CST INFO  com.jpro.TravelActor 25 validate - validate success, passing ...
2019.08.07 at 16:12:41 CST INFO  com.jpro.TravelActor 31 filter - filter ok!
2019.08.07 at 16:12:41 CST INFO  com.jpro.TravelActor 37 process - processing ....
2019.08.07 at 16:12:42 CST ERROR com.jpro.Dispatcher 41 run - ( travel ) JSON parse error - com.alibaba.fastjson.JSONException: syntax error, pos 1, line 1, column 2avsdfvasdf
2019.08.07 at 16:12:42 CST INFO  com.jpro.Dispatcher 70 run - ( travel ) exited process loop
2019.08.07 at 16:12:42 CST INFO  com.jpro.Unique 43 recycleAllResource - [36;1mrecycle resource[0m
2019.08.07 at 16:24:20 CST INFO  com.jpro.FullInspection 32 main - program FullInspection start ...
2019.08.07 at 16:24:20 CST INFO  com.jpro.Unique 51 initializeAllResource - [36;1minitialize resource[0m
2019.08.07 at 16:24:20 CST INFO  com.jpro.Dispatcher 27 run - ( travel ) enter Dispatcher loop
2019.08.07 at 16:24:21 CST INFO  com.jpro.FullInspection 38 lambda$main$0 - recv INT sig
2019.08.07 at 16:24:21 CST ERROR com.jpro.Dispatcher 41 run - ( travel ) JSON parse error - com.alibaba.fastjson.JSONException: not close json text, token : error
2019.08.07 at 16:24:21 CST INFO  com.jpro.TravelActor 27 validate - validate success, passing ...
2019.08.07 at 16:24:21 CST INFO  com.jpro.TravelActor 33 filter - filter ok!
2019.08.07 at 16:24:21 CST INFO  com.jpro.TravelActor 39 process - processing ....
2019.08.07 at 16:24:22 CST ERROR com.jpro.Dispatcher 41 run - ( travel ) JSON parse error - com.alibaba.fastjson.JSONException: syntax error, pos 1, line 1, column 2avsdfvasdf
2019.08.07 at 16:24:22 CST INFO  com.jpro.Dispatcher 70 run - ( travel ) exited process loop
2019.08.07 at 16:24:22 CST INFO  com.jpro.Unique 56 recycleAllResource - [36;1mrecycle resource[0m
